ffmpeg version 4.4.2-0ubuntu0.22.04.1 Copyright (c) 2000-2021 the FFmpeg developers
  built with gcc 11 (Ubuntu 11.2.0-19ubuntu1)
  configuration: --prefix=/usr --extra-version=0ubuntu0.22.04.1 --toolchain=hardened --libdir=/usr/lib/x86_64-linux-gnu --incdir=/usr/include/x86_64-linux-gnu --arch=amd64 --enable-gpl --disable-stripping --enable-gnutls --enable-ladspa --enable-libaom --enable-libass --enable-libbluray --enable-libbs2b --enable-libcaca --enable-libcdio --enable-libcodec2 --enable-libdav1d --enable-libflite --enable-libfontconfig --enable-libfreetype --enable-libfribidi --enable-libgme --enable-libgsm --enable-libjack --enable-libmp3lame --enable-libmysofa --enable-libopenjpeg --enable-libopenmpt --enable-libopus --enable-libpulse --enable-librabbitmq --enable-librubberband --enable-libshine --enable-libsnappy --enable-libsoxr --enable-libspeex --enable-libsrt --enable-libssh --enable-libtheora --enable-libtwolame --enable-libvidstab --enable-libvorbis --enable-libvpx --enable-libwebp --enable-libx265 --enable-libxml2 --enable-libxvid --enable-libzimg --enable-libzmq --enable-libzvbi --enable-lv2 --enable-omx --enable-openal --enable-opencl --enable-opengl --enable-sdl2 --enable-pocketsphinx --enable-librsvg --enable-libmfx --enable-libdc1394 --enable-libdrm --enable-libiec61883 --enable-chromaprint --enable-frei0r --enable-libx264 --enable-shared
  libavutil      56. 70.100 / 56. 70.100
  libavcodec     58.134.100 / 58.134.100
  libavformat    58. 76.100 / 58. 76.100
  libavdevice    58. 13.100 / 58. 13.100
  libavfilter     7.110.100 /  7.110.100
  libswscale      5.  9.100 /  5.  9.100
  libswresample   3.  9.100 /  3.  9.100
  libpostproc    55.  9.100 / 55.  9.100
[hls @ 0x55c060678780] Skip ('#EXT-X-VERSION:3')
[hls @ 0x55c060678780] Opening 'https://streams.spacetoon.com/live/stchannel/smil:livesmil.smil/chunklist_w1955742711_b346000_slAR.m3u8' for reading
[hls @ 0x55c060678780] Skip ('#EXT-X-VERSION:3')
[hls @ 0x55c060678780] Skip ('#EXT-X-DISCONTINUITY-SEQUENCE:0')
[https @ 0x55c0608f8dc0] Opening 'https://streams.spacetoon.com/live/stchannel/smil:livesmil.smil/chunklist_w1955742711_b596000_slAR.m3u8' for reading
[hls @ 0x55c060678780] Skip ('#EXT-X-VERSION:3')
[hls @ 0x55c060678780] Skip ('#EXT-X-DISCONTINUITY-SEQUENCE:0')
[https @ 0x55c0608f8dc0] Opening 'https://streams.spacetoon.com/live/stchannel/smil:livesmil.smil/chunklist_w1955742711_b946000_slAR.m3u8' for reading
[hls @ 0x55c060678780] Skip ('#EXT-X-VERSION:3')
[hls @ 0x55c060678780] Skip ('#EXT-X-DISCONTINUITY-SEQUENCE:0')
[https @ 0x55c0608f8dc0] Opening 'https://streams.spacetoon.com/live/stchannel/smil:livesmil.smil/chunklist_w1955742711_b1296000_slAR.m3u8' for reading
[hls @ 0x55c060678780] Skip ('#EXT-X-VERSION:3')
[hls @ 0x55c060678780] Skip ('#EXT-X-DISCONTINUITY-SEQUENCE:0')
[hls @ 0x55c060678780] Opening 'https://streams.spacetoon.com/live/stchannel/smil:livesmil.smil/media_w1955742711_b346000_slAR_36870.ts' for reading
[hls @ 0x55c060678780] Opening 'https://streams.spacetoon.com/live/stchannel/smil:livesmil.smil/media_w1955742711_b346000_slAR_36871.ts' for reading
[hls @ 0x55c060678780] Opening 'https://streams.spacetoon.com/live/stchannel/smil:livesmil.smil/media_w1955742711_b596000_slAR_36870.ts' for reading
[hls @ 0x55c060678780] Opening 'https://streams.spacetoon.com/live/stchannel/smil:livesmil.smil/media_w1955742711_b596000_slAR_36871.ts' for reading
[hls @ 0x55c060678780] Opening 'https://streams.spacetoon.com/live/stchannel/smil:livesmil.smil/media_w1955742711_b946000_slAR_36870.ts' for reading
[hls @ 0x55c060678780] Opening 'https://streams.spacetoon.com/live/stchannel/smil:livesmil.smil/media_w1955742711_b946000_slAR_36871.ts' for reading
[hls @ 0x55c060678780] Opening 'https://streams.spacetoon.com/live/stchannel/smil:livesmil.smil/media_w1955742711_b1296000_slAR_36870.ts' for reading
[hls @ 0x55c060678780] Opening 'https://streams.spacetoon.com/live/stchannel/smil:livesmil.smil/media_w1955742711_b1296000_slAR_36871.ts' for reading
[h264 @ 0x55c060ce3600] Increasing reorder buffer to 1
[h264 @ 0x55c0612f9240] Increasing reorder buffer to 1
[h264 @ 0x55c0619012c0] Increasing reorder buffer to 1
[h264 @ 0x55c061f16880] Increasing reorder buffer to 1
Input #0, hls, from 'https://streams.spacetoon.com/live/stchannel/smil:livesmil.smil/playlist.m3u8':
  Duration: N/A, start: 83310.922933, bitrate: N/A
  Program 0 
    Metadata:
      variant_bitrate : 346000
  Stream #0:0: Data: timed_id3 (ID3  / 0x20334449)
    Metadata:
      variant_bitrate : 346000
  Stream #0:1: Video: h264 (High) ([27][0][0][0] / 0x001B), yuv420p, 428x240, 25 fps, 25 tbr, 90k tbn, 50 tbc
    Metadata:
      variant_bitrate : 346000
  Stream #0:2: Audio: aac (LC) ([15][0][0][0] / 0x000F), 48000 Hz, stereo, fltp
    Metadata:
      variant_bitrate : 346000
  Program 1 
    Metadata:
      variant_bitrate : 596000
  Stream #0:3: Data: timed_id3 (ID3  / 0x20334449)
    Metadata:
      variant_bitrate : 596000
  Stream #0:4: Video: h264 (High) ([27][0][0][0] / 0x001B), yuv420p, 640x360, 25 fps, 25 tbr, 90k tbn, 50 tbc
    Metadata:
      variant_bitrate : 596000
  Stream #0:5: Audio: aac (LC) ([15][0][0][0] / 0x000F), 48000 Hz, stereo, fltp
    Metadata:
      variant_bitrate : 596000
  Program 2 
    Metadata:
      variant_bitrate : 946000
  Stream #0:6: Data: timed_id3 (ID3  / 0x20334449)
    Metadata:
      variant_bitrate : 946000
  Stream #0:7: Video: h264 (High) ([27][0][0][0] / 0x001B), yuv420p, 854x480, 25 fps, 25 tbr, 90k tbn, 50 tbc
    Metadata:
      variant_bitrate : 946000
  Stream #0:8: Audio: aac (LC) ([15][0][0][0] / 0x000F), 48000 Hz, stereo, fltp
    Metadata:
      variant_bitrate : 946000
  Program 3 
    Metadata:
      variant_bitrate : 1296000
  Stream #0:9: Data: timed_id3 (ID3  / 0x20334449)
    Metadata:
      variant_bitrate : 1296000
  Stream #0:10: Video: h264 (High) ([27][0][0][0] / 0x001B), yuv420p, 1024x576, 25 fps, 25 tbr, 90k tbn, 50 tbc
    Metadata:
      variant_bitrate : 1296000
  Stream #0:11: Audio: aac (LC) ([15][0][0][0] / 0x000F), 48000 Hz, stereo, fltp
    Metadata:
      variant_bitrate : 1296000
Output #0, hls, to '/var/www/html/live/chs/playlist.m3u8':
  Metadata:
    encoder         : Lavf58.76.100
  Stream #0:0: Video: h264 (High) ([27][0][0][0] / 0x001B), yuv420p, 1024x576, q=2-31, 25 fps, 25 tbr, 90k tbn, 25 tbc
    Metadata:
      variant_bitrate : 1296000
  Stream #0:1: Audio: aac (LC) ([15][0][0][0] / 0x000F), 48000 Hz, stereo, fltp
    Metadata:
      variant_bitrate : 346000
Stream mapping:
  Stream #0:10 -> #0:0 (copy)
  Stream #0:2 -> #0:1 (copy)
Press [q] to stop, [?] for help
frame=    0 fps=0.0 q=-1.0 size=N/A time=00:00:00.00 bitrate=N/A speed=N/A    [https @ 0x55c0609a6d80] Opening 'https://streams.spacetoon.com/live/stchannel/smil:livesmil.smil/media_w1955742711_b346000_slAR_36872.ts' for reading
[hls @ 0x55c060678780] No longer receiving playlist 1 ('https://streams.spacetoon.com/live/stchannel/smil:livesmil.smil/chunklist_w1955742711_b596000_slAR.m3u8')
[hls @ 0x55c060678780] No longer receiving playlist 2 ('https://streams.spacetoon.com/live/stchannel/smil:livesmil.smil/chunklist_w1955742711_b946000_slAR.m3u8')
[https @ 0x55c06192a7c0] Opening 'https://streams.spacetoon.com/live/stchannel/smil:livesmil.smil/media_w1955742711_b1296000_slAR_36872.ts' for reading
[https @ 0x55c0608f8dc0] Opening 'https://streams.spacetoon.com/live/stchannel/smil:livesmil.smil/chunklist_w1955742711_b346000_slAR.m3u8' for reading
[hls @ 0x55c060678780] Skip ('#EXT-X-VERSION:3')
[hls @ 0x55c060678780] Skip ('#EXT-X-DISCONTINUITY-SEQUENCE:0')
[https @ 0x55c0609a6d80] Opening 'https://streams.spacetoon.com/live/stchannel/smil:livesmil.smil/media_w1955742711_b346000_slAR_36873.ts' for reading
frame=  719 fps= 83 q=-1.0 size=N/A time=00:00:29.02 bitrate=N/A speed=3.36x    [https @ 0x55c0608f8dc0] Opening 'https://streams.spacetoon.com/live/stchannel/smil:livesmil.smil/chunklist_w1955742711_b1296000_slAR.m3u8' for reading
[hls @ 0x55c060678780] Skip ('#EXT-X-VERSION:3')
[hls @ 0x55c060678780] Skip ('#EXT-X-DISCONTINUITY-SEQUENCE:0')
[https @ 0x55c06192a7c0] Opening 'https://streams.spacetoon.com/live/stchannel/smil:livesmil.smil/media_w1955742711_b1296000_slAR_36873.ts' for reading
[hls @ 0x55c062d2b840] Opening '/var/www/html/live/chs/playlist0.ts' for writing
[hls @ 0x55c062d2b840] Opening '/var/www/html/live/chs/playlist.m3u8.tmp' for writing
[https @ 0x55c0608f8dc0] Opening 'https://streams.spacetoon.com/live/stchannel/smil:livesmil.smil/chunklist_w1955742711_b346000_slAR.m3u8' for reading
[hls @ 0x55c060678780] Skip ('#EXT-X-VERSION:3')
[hls @ 0x55c060678780] Skip ('#EXT-X-DISCONTINUITY-SEQUENCE:0')
[https @ 0x55c0609a6d80] Opening 'https://streams.spacetoon.com/live/stchannel/smil:livesmil.smil/media_w1955742711_b346000_slAR_36874.ts' for reading
frame=  959 fps= 52 q=-1.0 size=N/A time=00:00:38.37 bitrate=N/A speed=2.09x    [https @ 0x55c0608f8dc0] Opening 'https://streams.spacetoon.com/live/stchannel/smil:livesmil.smil/chunklist_w1955742711_b1296000_slAR.m3u8' for reading
[hls @ 0x55c060678780] Skip ('#EXT-X-VERSION:3')
[hls @ 0x55c060678780] Skip ('#EXT-X-DISCONTINUITY-SEQUENCE:0')
[https @ 0x55c06192a7c0] Opening 'https://streams.spacetoon.com/live/stchannel/smil:livesmil.smil/media_w1955742711_b1296000_slAR_36874.ts' for reading
[https @ 0x55c0608f8dc0] Opening 'https://streams.spacetoon.com/live/stchannel/smil:livesmil.smil/chunklist_w1955742711_b346000_slAR.m3u8' for reading
[hls @ 0x55c060678780] Skip ('#EXT-X-VERSION:3')
[hls @ 0x55c060678780] Skip ('#EXT-X-DISCONTINUITY-SEQUENCE:0')
[https @ 0x55c0609a6d80] Opening 'https://streams.spacetoon.com/live/stchannel/smil:livesmil.smil/media_w1955742711_b346000_slAR_36875.ts' for reading
frame= 1199 fps= 43 q=-1.0 size=N/A time=00:00:48.42 bitrate=N/A speed=1.73x    [https @ 0x55c0608f8dc0] Opening 'https://streams.spacetoon.com/live/stchannel/smil:livesmil.smil/chunklist_w1955742711_b1296000_slAR.m3u8' for reading
[hls @ 0x55c060678780] Skip ('#EXT-X-VERSION:3')
[hls @ 0x55c060678780] Skip ('#EXT-X-DISCONTINUITY-SEQUENCE:0')
[https @ 0x55c06192a7c0] Opening 'https://streams.spacetoon.com/live/stchannel/smil:livesmil.smil/media_w1955742711_b1296000_slAR_36875.ts' for reading
[https @ 0x55c0608f8dc0] Opening 'https://streams.spacetoon.com/live/stchannel/smil:livesmil.smil/chunklist_w1955742711_b346000_slAR.m3u8' for reading
[hls @ 0x55c060678780] Skip ('#EXT-X-VERSION:3')
[hls @ 0x55c060678780] Skip ('#EXT-X-DISCONTINUITY-SEQUENCE:0')
[https @ 0x55c0609a6d80] Opening 'https://streams.spacetoon.com/live/stchannel/smil:livesmil.smil/media_w1955742711_b346000_slAR_36876.ts' for reading
frame= 1499 fps= 37 q=-1.0 size=N/A time=00:01:00.19 bitrate=N/A speed= 1.5x    [https @ 0x55c0608f8dc0] Opening 'https://streams.spacetoon.com/live/stchannel/smil:livesmil.smil/chunklist_w1955742711_b1296000_slAR.m3u8' for reading
[hls @ 0x55c060678780] Skip ('#EXT-X-VERSION:3')
[hls @ 0x55c060678780] Skip ('#EXT-X-DISCONTINUITY-SEQUENCE:0')
[https @ 0x55c06192a7c0] Opening 'https://streams.spacetoon.com/live/stchannel/smil:livesmil.smil/media_w1955742711_b1296000_slAR_36876.ts' for reading
[hls @ 0x55c062d2b840] Opening '/var/www/html/live/chs/playlist1.ts' for writing
[hls @ 0x55c062d2b840] Opening '/var/www/html/live/chs/playlist.m3u8.tmp' for writing
[https @ 0x55c0608f8dc0] Opening 'https://streams.spacetoon.com/live/stchannel/smil:livesmil.smil/chunklist_w1955742711_b346000_slAR.m3u8' for reading
[hls @ 0x55c060678780] Skip ('#EXT-X-VERSION:3')
[hls @ 0x55c060678780] Skip ('#EXT-X-DISCONTINUITY-SEQUENCE:0')
[https @ 0x55c0609a6d80] Opening 'https://streams.spacetoon.com/live/stchannel/smil:livesmil.smil/media_w1955742711_b346000_slAR_36877.ts' for reading
[https @ 0x55c0609d0100] Opening 'https://streams.spacetoon.com/live/stchannel/smil:livesmil.smil/media_w1955742711_b346000_slAR_36878.ts' for reading
frame= 1739 fps= 35 q=-1.0 size=N/A time=00:01:09.79 bitrate=N/A speed= 1.4x    [https @ 0x55c0608f8dc0] Opening 'https://streams.spacetoon.com/live/stchannel/smil:livesmil.smil/chunklist_w1955742711_b1296000_slAR.m3u8' for reading
[hls @ 0x55c060678780] Skip ('#EXT-X-VERSION:3')
[hls @ 0x55c060678780] Skip ('#EXT-X-DISCONTINUITY-SEQUENCE:0')
[https @ 0x55c06192a7c0] Opening 'https://streams.spacetoon.com/live/stchannel/smil:livesmil.smil/media_w1955742711_b1296000_slAR_36877.ts' for reading
